#! /c/Source/iverilog-install/bin/vvp
:ivl_version "12.0 (devel)" "(s20150603-1110-g18392a46)";
:ivl_delay_selection "TYPICAL";
:vpi_time_precision - 12;
:vpi_module "C:\iverilog\lib\ivl\system.vpi";
:vpi_module "C:\iverilog\lib\ivl\vhdl_sys.vpi";
:vpi_module "C:\iverilog\lib\ivl\vhdl_textio.vpi";
:vpi_module "C:\iverilog\lib\ivl\v2005_math.vpi";
:vpi_module "C:\iverilog\lib\ivl\va_math.vpi";
S_000002be6dc317b0 .scope module, "fixedFloatConversion_tb" "fixedFloatConversion_tb" 2 18;
 .timescale -9 -12;
v000002be6dcaf970_0 .var "R", 31 0;
v000002be6dcaee30_0 .var "clk", 0 0;
v000002be6dcafab0_0 .var/i "failedTests", 31 0;
v000002be6dcaf150_0 .var "fixpointpos", 4 0;
v000002be6dcaf3d0_0 .var "opcode", 0 0;
v000002be6dcafb50_0 .net "resultnumber", 31 0, v000002be6dcaf6f0_0;  1 drivers
v000002be6dcafbf0_0 .var "rst", 0 0;
v000002be6dcaf290_0 .var "targetnumber", 31 0;
v000002be6dcafc90_0 .var/i "totalTests", 31 0;
E_000002be6dc59130 .event negedge, v000002be6dc2cfb0_0;
S_000002be6dc31940 .scope module, "uut" "fixedFloatConversion" 2 32, 3 22 0, S_000002be6dc317b0;
 .timescale -9 -12;
    .port_info 0 /INPUT 1 "clk";
    .port_info 1 /INPUT 1 "rst";
    .port_info 2 /INPUT 32 "targetnumber";
    .port_info 3 /INPUT 5 "fixpointpos";
    .port_info 4 /INPUT 1 "opcode";
    .port_info 5 /OUTPUT 32 "result";
v000002be6dcafd30_0 .net "clk", 0 0, v000002be6dcaee30_0;  1 drivers
v000002be6dcaf470_0 .net "fixpointpos", 4 0, v000002be6dcaf150_0;  1 drivers
v000002be6dcaf830_0 .net "fixresult", 31 0, v000002be6dcaf650_0;  1 drivers
v000002be6dcaf8d0_0 .net "floatresult", 31 0, v000002be6dc48860_0;  1 drivers
v000002be6dcaf0b0_0 .net "opcode", 0 0, v000002be6dcaf3d0_0;  1 drivers
v000002be6dcaf6f0_0 .var "result", 31 0;
v000002be6dcafa10_0 .net "rst", 0 0, v000002be6dcafbf0_0;  1 drivers
v000002be6dcaf1f0_0 .net "targetnumber", 31 0, v000002be6dcaf290_0;  1 drivers
E_000002be6dc59d70 .event posedge, v000002be6dc02df0_0;
S_000002be6dc32200 .scope module, "fixToFloat" "fixedToFloat" 3 36, 4 18 0, S_000002be6dc31940;
 .timescale -9 -12;
    .port_info 0 /INPUT 1 "clk";
    .port_info 1 /INPUT 1 "rst";
    .port_info 2 /INPUT 32 "targetnumber";
    .port_info 3 /INPUT 5 "fixpointpos";
    .port_info 4 /OUTPUT 32 "result";
v000002be6dc2bf00_0 .var "biasedexponent", 7 0;
v000002be6dc02df0_0 .net "clk", 0 0, v000002be6dcaee30_0;  alias, 1 drivers
v000002be6dc03010_0 .var "fixednumber", 31 0;
v000002be6dc2e100_0 .net "fixpointpos", 4 0, v000002be6dcaf150_0;  alias, 1 drivers
v000002be6dc2e600_0 .var/i "leadingoneindex", 31 0;
v000002be6dc521c0_0 .var "mantissa", 22 0;
v000002be6dc48860_0 .var "result", 31 0;
v000002be6dc2cfb0_0 .net "rst", 0 0, v000002be6dcafbf0_0;  alias, 1 drivers
v000002be6dc338b0_0 .var "sign", 0 0;
v000002be6dc33950_0 .net "targetnumber", 31 0, v000002be6dcaf290_0;  alias, 1 drivers
E_000002be6dc597f0/0 .event anyedge, v000002be6dc33950_0, v000002be6dc338b0_0, v000002be6dc2e600_0, v000002be6dc03010_0;
E_000002be6dc597f0/1 .event anyedge, v000002be6dc2e100_0, v000002be6dc2bf00_0, v000002be6dc521c0_0;
E_000002be6dc597f0 .event/or E_000002be6dc597f0/0, E_000002be6dc597f0/1;
S_000002be6dc32390 .scope module, "floatToFix" "floatToFixed" 3 43, 5 18 0, S_000002be6dc31940;
 .timescale -9 -12;
    .port_info 0 /INPUT 1 "clk";
    .port_info 1 /INPUT 1 "rst";
    .port_info 2 /INPUT 32 "float";
    .port_info 3 /INPUT 5 "fixpointpos";
    .port_info 4 /OUTPUT 32 "result";
v000002be6dc2f820_0 .net "clk", 0 0, v000002be6dcaee30_0;  alias, 1 drivers
v000002be6dc2f8c0_0 .net "fixpointpos", 4 0, v000002be6dcaf150_0;  alias, 1 drivers
v000002be6dcfcf00_0 .net "float", 31 0, v000002be6dcaf290_0;  alias, 1 drivers
v000002be6dcaf650_0 .var "result", 31 0;
v000002be6dcaf510_0 .net "rst", 0 0, v000002be6dcafbf0_0;  alias, 1 drivers
v000002be6dcaf790_0 .var "shift", 7 0;
E_000002be6dc59670 .event anyedge, v000002be6dc33950_0, v000002be6dc2e100_0, v000002be6dcaf790_0, v000002be6dcaf650_0;
    .scope S_000002be6dc32200;
T_0 ;
    %wait E_000002be6dc597f0;
    %load/vec4 v000002be6dc33950_0;
    %cmpi/e 0, 0, 32;
    %jmp/0xz  T_0.0, 4;
    %pushi/vec4 0, 0, 32;
    %store/vec4 v000002be6dc48860_0, 0, 32;
    %jmp T_0.1;
T_0.0 ;
    %load/vec4 v000002be6dc33950_0;
    %parti/s 1, 31, 6;
    %store/vec4 v000002be6dc338b0_0, 0, 1;
    %load/vec4 v000002be6dc338b0_0;
    %cmpi/e 1, 0, 1;
    %flag_mov 8, 4;
    %jmp/0 T_0.2, 8;
    %load/vec4 v000002be6dc33950_0;
    %inv;
    %addi 1, 0, 32;
    %jmp/1 T_0.3, 8;
T_0.2 ; End of true expr.
    %load/vec4 v000002be6dc33950_0;
    %jmp/0 T_0.3, 8;
 ; End of false expr.
    %blend;
T_0.3;
    %store/vec4 v000002be6dc03010_0, 0, 32;
    %pushi/vec4 32, 0, 32;
    %store/vec4 v000002be6dc2e600_0, 0, 32;
T_0.4 ;
    %pushi/vec4 0, 0, 32;
    %load/vec4 v000002be6dc2e600_0;
    %cmp/s;
    %flag_get/vec4 4;
    %flag_get/vec4 5;
    %or;
    %load/vec4 v000002be6dc03010_0;
    %load/vec4 v000002be6dc2e600_0;
    %subi 1, 0, 32;
    %part/s 1;
    %pushi/vec4 0, 0, 1;
    %cmp/e;
    %flag_get/vec4 4;
    %and;
    %flag_set/vec4 8;
    %jmp/0xz T_0.5, 8;
    %load/vec4 v000002be6dc2e600_0;
    %subi 1, 0, 32;
    %store/vec4 v000002be6dc2e600_0, 0, 32;
    %jmp T_0.4;
T_0.5 ;
    %pushi/vec4 127, 0, 32;
    %load/vec4 v000002be6dc2e600_0;
    %add;
    %subi 1, 0, 32;
    %load/vec4 v000002be6dc2e100_0;
    %pad/u 32;
    %sub;
    %pad/u 8;
    %store/vec4 v000002be6dc2bf00_0, 0, 8;
    %load/vec4 v000002be6dc2e600_0;
    %cmpi/s 23, 0, 32;
    %flag_or 5, 4;
    %flag_mov 8, 5;
    %jmp/0 T_0.6, 8;
    %load/vec4 v000002be6dc03010_0;
    %pushi/vec4 23, 0, 32;
    %load/vec4 v000002be6dc2e600_0;
    %sub;
    %addi 1, 0, 32;
    %ix/vec4 4;
    %shiftl 4;
    %jmp/1 T_0.7, 8;
T_0.6 ; End of true expr.
    %load/vec4 v000002be6dc03010_0;
    %load/vec4 v000002be6dc2e600_0;
    %subi 24, 0, 32;
    %ix/vec4 4;
    %shiftr 4;
    %jmp/0 T_0.7, 8;
 ; End of false expr.
    %blend;
T_0.7;
    %pad/u 23;
    %store/vec4 v000002be6dc521c0_0, 0, 23;
    %load/vec4 v000002be6dc338b0_0;
    %load/vec4 v000002be6dc2bf00_0;
    %concat/vec4; draw_concat_vec4
    %load/vec4 v000002be6dc521c0_0;
    %concat/vec4; draw_concat_vec4
    %store/vec4 v000002be6dc48860_0, 0, 32;
T_0.1 ;
    %jmp T_0;
    .thread T_0, $push;
    .scope S_000002be6dc32390;
T_1 ;
    %wait E_000002be6dc59670;
    %pushi/vec4 0, 0, 32;
    %store/vec4 v000002be6dcaf650_0, 0, 32;
    %load/vec4 v000002be6dcfcf00_0;
    %cmpi/ne 0, 0, 32;
    %jmp/0xz  T_1.0, 6;
    %pushi/vec4 1, 0, 1;
    %ix/load 4, 23, 0;
    %flag_set/imm 4, 0;
    %store/vec4 v000002be6dcaf650_0, 4, 1;
    %load/vec4 v000002be6dcfcf00_0;
    %parti/s 23, 0, 2;
    %ix/load 4, 0, 0;
    %flag_set/imm 4, 0;
    %store/vec4 v000002be6dcaf650_0, 4, 23;
    %pushi/vec4 23, 0, 32;
    %load/vec4 v000002be6dcfcf00_0;
    %parti/s 8, 23, 6;
    %pad/u 32;
    %subi 127, 0, 32;
    %load/vec4 v000002be6dc2f8c0_0;
    %pad/u 32;
    %add;
    %sub;
    %pad/s 8;
    %store/vec4 v000002be6dcaf790_0, 0, 8;
    %load/vec4 v000002be6dcaf790_0;
    %pad/s 32;
    %cmpi/s 0, 0, 32;
    %flag_inv 5; GE is !LT
    %jmp/0xz  T_1.2, 5;
    %load/vec4 v000002be6dcaf650_0;
    %ix/getv 4, v000002be6dcaf790_0;
    %shiftr 4;
    %store/vec4 v000002be6dcaf650_0, 0, 32;
    %jmp T_1.3;
T_1.2 ;
    %load/vec4 v000002be6dcaf650_0;
    %load/vec4 v000002be6dcaf790_0;
    %inv;
    %pushi/vec4 1, 0, 8;
    %add;
    %ix/vec4 4;
    %shiftl 4;
    %store/vec4 v000002be6dcaf650_0, 0, 32;
T_1.3 ;
    %load/vec4 v000002be6dcfcf00_0;
    %parti/s 1, 31, 6;
    %flag_set/vec4 8;
    %jmp/0xz  T_1.4, 8;
    %load/vec4 v000002be6dcaf650_0;
    %inv;
    %addi 1, 0, 32;
    %store/vec4 v000002be6dcaf650_0, 0, 32;
T_1.4 ;
T_1.0 ;
    %jmp T_1;
    .thread T_1, $push;
    .scope S_000002be6dc31940;
T_2 ;
    %wait E_000002be6dc59d70;
    %load/vec4 v000002be6dcaf0b0_0;
    %pad/u 32;
    %cmpi/e 1, 0, 32;
    %flag_mov 8, 4;
    %jmp/0 T_2.0, 8;
    %load/vec4 v000002be6dcaf830_0;
    %jmp/1 T_2.1, 8;
T_2.0 ; End of true expr.
    %load/vec4 v000002be6dcaf8d0_0;
    %jmp/0 T_2.1, 8;
 ; End of false expr.
    %blend;
T_2.1;
    %assign/vec4 v000002be6dcaf6f0_0, 0;
    %jmp T_2;
    .thread T_2;
    .scope S_000002be6dc317b0;
T_3 ;
    %pushi/vec4 0, 0, 32;
    %store/vec4 v000002be6dcafab0_0, 0, 32;
    %pushi/vec4 0, 0, 32;
    %store/vec4 v000002be6dcafc90_0, 0, 32;
    %end;
    .thread T_3;
    .scope S_000002be6dc317b0;
T_4 ;
    %pushi/vec4 0, 0, 1;
    %store/vec4 v000002be6dcaee30_0, 0, 1;
    %pushi/vec4 1, 0, 1;
    %store/vec4 v000002be6dcafbf0_0, 0, 1;
    %delay 50000, 0;
    %pushi/vec4 1, 0, 1;
    %store/vec4 v000002be6dcaee30_0, 0, 1;
    %pushi/vec4 1, 0, 1;
    %store/vec4 v000002be6dcafbf0_0, 0, 1;
    %delay 50000, 0;
    %pushi/vec4 0, 0, 1;
    %store/vec4 v000002be6dcaee30_0, 0, 1;
    %pushi/vec4 0, 0, 1;
    %store/vec4 v000002be6dcafbf0_0, 0, 1;
    %delay 50000, 0;
    %pushi/vec4 1, 0, 1;
    %store/vec4 v000002be6dcaee30_0, 0, 1;
    %pushi/vec4 0, 0, 1;
    %store/vec4 v000002be6dcafbf0_0, 0, 1;
    %delay 50000, 0;
T_4.0 ;
    %load/vec4 v000002be6dcaee30_0;
    %inv;
    %store/vec4 v000002be6dcaee30_0, 0, 1;
    %delay 50000, 0;
    %jmp T_4.0;
    %end;
    .thread T_4;
    .scope S_000002be6dc317b0;
T_5 ;
    %wait E_000002be6dc59130;
    %wait E_000002be6dc59d70;
    %delay 10000, 0;
    %pushi/vec4 0, 0, 5;
    %store/vec4 v000002be6dcaf150_0, 0, 5;
    %pushi/vec4 0, 0, 32;
    %store/vec4 v000002be6dcaf290_0, 0, 32;
    %pushi/vec4 0, 0, 32;
    %store/vec4 v000002be6dcaf970_0, 0, 32;
    %vpi_call 2 65 "$display", "Test Group 1: Testing Floating point to fixed point... " {0 0 0};
    %pushi/vec4 0, 0, 1;
    %store/vec4 v000002be6dcaf3d0_0, 0, 1;
    %vpi_call 2 68 "$write", "\011Test Case 1.1: Convert 25.25 (011001.01,2=>0 10000011 1001010..)..." {0 0 0};
    %load/vec4 v000002be6dcafc90_0;
    %addi 1, 0, 32;
    %store/vec4 v000002be6dcafc90_0, 0, 32;
    %pushi/vec4 2, 0, 5;
    %store/vec4 v000002be6dcaf150_0, 0, 5;
    %pushi/vec4 101, 0, 32;
    %store/vec4 v000002be6dcaf290_0, 0, 32;
    %pushi/vec4 1103757312, 0, 32;
    %store/vec4 v000002be6dcaf970_0, 0, 32;
    %delay 100000, 0;
    %load/vec4 v000002be6dcaf970_0;
    %load/vec4 v000002be6dcafb50_0;
    %cmp/ne;
    %jmp/0xz  T_5.0, 4;
    %vpi_call 2 76 "$display", "failed: Expected: %b, got %b", v000002be6dcaf970_0, v000002be6dcafb50_0 {0 0 0};
    %load/vec4 v000002be6dcafab0_0;
    %addi 1, 0, 32;
    %store/vec4 v000002be6dcafab0_0, 0, 32;
    %jmp T_5.1;
T_5.0 ;
    %vpi_call 2 79 "$display", "passed" {0 0 0};
T_5.1 ;
    %vpi_call 2 86 "$write", "\011Test Case 1.2: Convert 77.75 (1001101.11 => 0_10000101_00110111000000000000000)..." {0 0 0};
    %load/vec4 v000002be6dcafc90_0;
    %addi 1, 0, 32;
    %store/vec4 v000002be6dcafc90_0, 0, 32;
    %pushi/vec4 2, 0, 5;
    %store/vec4 v000002be6dcaf150_0, 0, 5;
    %pushi/vec4 311, 0, 32;
    %store/vec4 v000002be6dcaf290_0, 0, 32;
    %pushi/vec4 1117487104, 0, 32;
    %store/vec4 v000002be6dcaf970_0, 0, 32;
    %delay 100000, 0;
    %load/vec4 v000002be6dcaf970_0;
    %load/vec4 v000002be6dcafb50_0;
    %cmp/ne;
    %jmp/0xz  T_5.2, 4;
    %vpi_call 2 94 "$display", "failed: Expected: %b, got %b", v000002be6dcaf970_0, v000002be6dcafb50_0 {0 0 0};
    %load/vec4 v000002be6dcafab0_0;
    %addi 1, 0, 32;
    %store/vec4 v000002be6dcafab0_0, 0, 32;
    %jmp T_5.3;
T_5.2 ;
    %vpi_call 2 97 "$display", "passed" {0 0 0};
T_5.3 ;
    %vpi_call 2 100 "$write", "\011Test Case 1.3: Convert Zero..." {0 0 0};
    %load/vec4 v000002be6dcafc90_0;
    %addi 1, 0, 32;
    %store/vec4 v000002be6dcafc90_0, 0, 32;
    %pushi/vec4 0, 0, 5;
    %store/vec4 v000002be6dcaf150_0, 0, 5;
    %pushi/vec4 0, 0, 32;
    %store/vec4 v000002be6dcaf290_0, 0, 32;
    %pushi/vec4 0, 0, 32;
    %store/vec4 v000002be6dcaf970_0, 0, 32;
    %delay 100000, 0;
    %load/vec4 v000002be6dcaf970_0;
    %load/vec4 v000002be6dcafb50_0;
    %cmp/ne;
    %jmp/0xz  T_5.4, 4;
    %vpi_call 2 108 "$display", "failed: Expected: %b, got %b", v000002be6dcaf970_0, v000002be6dcafb50_0 {0 0 0};
    %load/vec4 v000002be6dcafab0_0;
    %addi 1, 0, 32;
    %store/vec4 v000002be6dcafab0_0, 0, 32;
    %jmp T_5.5;
T_5.4 ;
    %vpi_call 2 111 "$display", "passed" {0 0 0};
T_5.5 ;
    %vpi_call 2 117 "$display", "Test Group 2: Testing Fixed point to floating point... " {0 0 0};
    %pushi/vec4 1, 0, 1;
    %store/vec4 v000002be6dcaf3d0_0, 0, 1;
    %vpi_call 2 120 "$write", "\011Test Case 2.1: 25.25 (0 10000011 1001010,2=>011001.01)..." {0 0 0};
    %load/vec4 v000002be6dcafc90_0;
    %addi 1, 0, 32;
    %store/vec4 v000002be6dcafc90_0, 0, 32;
    %pushi/vec4 1, 0, 1;
    %store/vec4 v000002be6dcaf3d0_0, 0, 1;
    %pushi/vec4 2, 0, 5;
    %store/vec4 v000002be6dcaf150_0, 0, 5;
    %pushi/vec4 1103757312, 0, 32;
    %store/vec4 v000002be6dcaf290_0, 0, 32;
    %pushi/vec4 101, 0, 32;
    %store/vec4 v000002be6dcaf970_0, 0, 32;
    %delay 100000, 0;
    %load/vec4 v000002be6dcaf970_0;
    %load/vec4 v000002be6dcafb50_0;
    %cmp/ne;
    %flag_mov 8, 4;
    %load/vec4 v000002be6dcafb50_0;
    %cmpi/e 0, 4294967295, 32;
    %flag_or 6, 8;
    %jmp/0xz  T_5.6, 6;
    %vpi_call 2 128 "$display", "failed: Expected: %b, got %b", v000002be6dcaf970_0, v000002be6dcafb50_0 {0 0 0};
    %load/vec4 v000002be6dcafab0_0;
    %addi 1, 0, 32;
    %store/vec4 v000002be6dcafab0_0, 0, 32;
    %jmp T_5.7;
T_5.6 ;
    %vpi_call 2 131 "$display", "passed" {0 0 0};
T_5.7 ;
    %vpi_call 2 138 "$write", "\011Test Case 2.2: 77.75 (0_10000101_00110111000000000000000 => 1001101.11)..." {0 0 0};
    %load/vec4 v000002be6dcafc90_0;
    %addi 1, 0, 32;
    %store/vec4 v000002be6dcafc90_0, 0, 32;
    %pushi/vec4 1, 0, 1;
    %store/vec4 v000002be6dcaf3d0_0, 0, 1;
    %pushi/vec4 2, 0, 5;
    %store/vec4 v000002be6dcaf150_0, 0, 5;
    %pushi/vec4 1117487104, 0, 32;
    %store/vec4 v000002be6dcaf290_0, 0, 32;
    %pushi/vec4 311, 0, 32;
    %store/vec4 v000002be6dcaf970_0, 0, 32;
    %delay 100000, 0;
    %load/vec4 v000002be6dcaf970_0;
    %load/vec4 v000002be6dcafb50_0;
    %cmp/ne;
    %flag_mov 8, 4;
    %load/vec4 v000002be6dcafb50_0;
    %cmpi/e 0, 4294967295, 32;
    %flag_or 6, 8;
    %jmp/0xz  T_5.8, 6;
    %vpi_call 2 146 "$display", "failed: Expected: %b, got %b", v000002be6dcaf970_0, v000002be6dcafb50_0 {0 0 0};
    %load/vec4 v000002be6dcafab0_0;
    %addi 1, 0, 32;
    %store/vec4 v000002be6dcafab0_0, 0, 32;
    %jmp T_5.9;
T_5.8 ;
    %vpi_call 2 149 "$display", "passed" {0 0 0};
T_5.9 ;
    %vpi_call 2 152 "$write", "\011Test Case 2.3: Zero..." {0 0 0};
    %load/vec4 v000002be6dcafc90_0;
    %addi 1, 0, 32;
    %store/vec4 v000002be6dcafc90_0, 0, 32;
    %pushi/vec4 1, 0, 1;
    %store/vec4 v000002be6dcaf3d0_0, 0, 1;
    %pushi/vec4 0, 0, 5;
    %store/vec4 v000002be6dcaf150_0, 0, 5;
    %pushi/vec4 0, 0, 32;
    %store/vec4 v000002be6dcaf290_0, 0, 32;
    %pushi/vec4 0, 0, 32;
    %store/vec4 v000002be6dcaf970_0, 0, 32;
    %delay 100000, 0;
    %load/vec4 v000002be6dcaf970_0;
    %load/vec4 v000002be6dcafb50_0;
    %cmp/ne;
    %flag_mov 8, 4;
    %load/vec4 v000002be6dcafb50_0;
    %cmpi/e 0, 4294967295, 32;
    %flag_or 6, 8;
    %jmp/0xz  T_5.10, 6;
    %vpi_call 2 160 "$display", "failed: Expected: %b, got %b", v000002be6dcaf970_0, v000002be6dcafb50_0 {0 0 0};
    %load/vec4 v000002be6dcafab0_0;
    %addi 1, 0, 32;
    %store/vec4 v000002be6dcafab0_0, 0, 32;
    %jmp T_5.11;
T_5.10 ;
    %vpi_call 2 163 "$display", "passed" {0 0 0};
T_5.11 ;
    %vpi_call 2 169 "$write", "\012--------------------------------------------------------------" {0 0 0};
    %load/vec4 v000002be6dcafc90_0;
    %load/vec4 v000002be6dcafab0_0;
    %sub;
    %vpi_call 2 170 "$write", "\012Testing complete\012Passed %0d / %0d tests", S<0,vec4,s32>, v000002be6dcafc90_0 {1 0 0};
    %vpi_call 2 171 "$write", "\012--------------------------------------------------------------\012" {0 0 0};
    %vpi_call 2 172 "$finish" {0 0 0};
    %end;
    .thread T_5;
# The file index is used to find the file name in the following table.
:file_names 6;
    "N/A";
    "<interactive>";
    ".\fixedFloatConversion_tb.v";
    ".\fixedFloatConversion.v";
    ".\fixedToFloat.v";
    ".\floatToFixed.v";
